  main.cpp
A:\projects\cpp\integralCalculator\integralCalculator\main.cpp(91,67): warning C4244: аргумент: преобразование "double" в "T", возможна потеря данных
          with
          [
              T=float
          ]
A:\projects\cpp\integralCalculator\integralCalculator\main.cpp(91,39): warning C4244: аргумент: преобразование "double" в "T", возможна потеря данных
          with
          [
              T=float
          ]
A:\projects\cpp\integralCalculator\integralCalculator\main.cpp(114,62): warning C4244: аргумент: преобразование "double" в "T", возможна потеря данных
          with
          [
              T=float
          ]
A:\projects\cpp\integralCalculator\integralCalculator\main.cpp(114,47): warning C4244: аргумент: преобразование "double" в "T", возможна потеря данных
          with
          [
              T=float
          ]
A:\projects\cpp\integralCalculator\integralCalculator\main.cpp(123,90): warning C4244: аргумент: преобразование "double" в "T", возможна потеря данных
          with
          [
              T=float
          ]
A:\projects\cpp\integralCalculator\integralCalculator\main.cpp(124,100): warning C4244: аргумент: преобразование "double" в "T", возможна потеря данных
          with
          [
              T=float
          ]
A:\projects\cpp\integralCalculator\integralCalculator\main.cpp(124,90): warning C4244: аргумент: преобразование "double" в "T", возможна потеря данных
          with
          [
              T=float
          ]
A:\projects\cpp\integralCalculator\integralCalculator\main.cpp(126,100): warning C4244: аргумент: преобразование "double" в "T", возможна потеря данных
          with
          [
              T=float
          ]
A:\projects\cpp\integralCalculator\integralCalculator\main.cpp(126,90): warning C4244: аргумент: преобразование "double" в "T", возможна потеря данных
          with
          [
              T=float
          ]
A:\projects\cpp\integralCalculator\integralCalculator\main.cpp(127,90): warning C4244: аргумент: преобразование "double" в "T", возможна потеря данных
          with
          [
              T=float
          ]
A:\projects\cpp\integralCalculator\integralCalculator\main.cpp(134,92): warning C4244: аргумент: преобразование "double" в "T", возможна потеря данных
          with
          [
              T=float
          ]
A:\projects\cpp\integralCalculator\integralCalculator\main.cpp(135,102): warning C4244: аргумент: преобразование "double" в "T", возможна потеря данных
          with
          [
              T=float
          ]
A:\projects\cpp\integralCalculator\integralCalculator\main.cpp(135,92): warning C4244: аргумент: преобразование "double" в "T", возможна потеря данных
          with
          [
              T=float
          ]
A:\projects\cpp\integralCalculator\integralCalculator\main.cpp(138,102): warning C4244: аргумент: преобразование "double" в "T", возможна потеря данных
          with
          [
              T=float
          ]
A:\projects\cpp\integralCalculator\integralCalculator\main.cpp(138,92): warning C4244: аргумент: преобразование "double" в "T", возможна потеря данных
          with
          [
              T=float
          ]
A:\projects\cpp\integralCalculator\integralCalculator\main.cpp(139,92): warning C4244: аргумент: преобразование "double" в "T", возможна потеря данных
          with
          [
              T=float
          ]
A:\projects\cpp\integralCalculator\integralCalculator\main.cpp(152,87): warning C4244: аргумент: преобразование "double" в "T", возможна потеря данных
          with
          [
              T=float
          ]
A:\projects\cpp\integralCalculator\integralCalculator\main.cpp(154,98): warning C4244: аргумент: преобразование "double" в "T", возможна потеря данных
          with
          [
              T=float
          ]
A:\projects\cpp\integralCalculator\integralCalculator\main.cpp(154,88): warning C4244: аргумент: преобразование "double" в "T", возможна потеря данных
          with
          [
              T=float
          ]
A:\projects\cpp\integralCalculator\integralCalculator\main.cpp(158,85): warning C4244: аргумент: преобразование "double" в "T", возможна потеря данных
          with
          [
              T=float
          ]
A:\projects\cpp\integralCalculator\integralCalculator\main.cpp(165,13): warning C4244: аргумент: преобразование "double" в "float", возможна потеря данных
A:\projects\cpp\integralCalculator\integralCalculator\main.cpp(180,17): warning C4244: аргумент: преобразование "double" в "float", возможна потеря данных
A:\projects\cpp\integralCalculator\integralCalculator\main.cpp(187,17): warning C4244: аргумент: преобразование "double" в "float", возможна потеря данных
A:\projects\cpp\integralCalculator\integralCalculator\main.cpp(226,24): warning C4244: *=: преобразование "double" в "T", возможна потеря данных
          with
          [
              T=float
          ]
A:\projects\cpp\integralCalculator\integralCalculator\main.cpp(227,24): warning C4244: *=: преобразование "double" в "T", возможна потеря данных
          with
          [
              T=float
          ]
A:\projects\cpp\integralCalculator\integralCalculator\main.cpp(46,20): warning C4101: num: неиспользованная локальная переменная
A:\projects\cpp\integralCalculator\integralCalculator\main.cpp(64,20): warning C4101: num: неиспользованная локальная переменная
  Создание кода
  1 of 419 functions ( 0.2%) were compiled, the rest were copied from previous compilation.
    0 functions were new in current compilation
    0 functions had inline decision re-evaluated but remain unchanged
  Создание кода завершено
  integralCalculator.vcxproj -> A:\projects\cpp\integralCalculator\Release\integralCalculator.exe
